0:100  0:100  MemLog inited, TSC freq: 2394456255
0:100  0:000  CPU was calibrated with ACPI PM Timer
0:100  0:000  
0:100  0:000  Now is 14.8.2018,  15:49:51 (GMT)
0:100  0:000  Starting Clover revision: 4600 on INSYDE Corp. EFI
0:100  0:000  Build with: [Args: -mc --no-usb -D NO_GRUB_DRIVERS_EMBEDDED -t XCODE8 | -D DISABLE_USB_SUPPORT -D NO_GRUB_DRIVERS_EMBEDDED --conf=/Users/ricky/src/edk2/Conf -D USE_BIOS_BLOCKIO -D USE_LOW_EBDA -a X64 -b RELEASE -t XCODE8 -n 7 | OS: 10.13.6 | XCODE: 9.4.1]
0:100  0:000  SelfDevicePath=PciRoot(0x0)\Pci(0x1F,0x2)\Sata(0x0,0x0,0x0)\HD(1,GPT,E3929CBB-EBFA-4C5E-939D-86B2CAF2B5DD,0x22,0x64800) @8D4F3518
0:100  0:000  SelfDirPath = \EFI\CLOVER
0:100  0:000  === [ Get Smbios ] ========================================
0:100  0:000  Type 16 Index = 0
0:100  0:000  Total Memory Slots Count = 2
0:100  0:000  Type 17 Index = 0
0:100  0:000  SmbiosTable.Type17->Speed = 1600MHz
0:100  0:000  SmbiosTable.Type17->Size = 8192MB
0:100  0:000  SmbiosTable.Type17->Bank/Device = BANK 0 ChannelA-DIMM0
0:100  0:000  SmbiosTable.Type17->Vendor = Samsung
0:100  0:000  SmbiosTable.Type17->SerialNumber = 15052714
0:100  0:000  SmbiosTable.Type17->PartNumber = M471B1G73EB0-YK0  
0:100  0:000  Type 17 Index = 1
0:100  0:000  Ignoring insane frequency value 0MHz
0:100  0:000  SmbiosTable.Type17->Speed = 0MHz
0:100  0:000  SmbiosTable.Type17->Size = 0MB
0:100  0:000  SmbiosTable.Type17->Bank/Device = BANK 2 ChannelB-DIMM0
0:100  0:000  SmbiosTable.Type17->Vendor = <null string>
0:100  0:000  SmbiosTable.Type17->SerialNumber = <null string>
0:100  0:000  SmbiosTable.Type17->PartNumber = <null string>
0:100  0:000  Boot status=0
0:100  0:000  Running on: 'INVALID' with board 'INVALID'
0:100  0:000  === [ GetCPUProperties ] ==================================
0:100  0:000  CPU Vendor = 756E6547 Model=306D4
0:100  0:000   The CPU supported SSE4.1
0:100  0:000  BrandString = Intel(R) Core(TM) i7-5500U CPU @ 2.40GHz
0:100  0:000   The CPU supported turbo
0:100  0:000  MSR 0x35               20004
0:100  0:000  MSR 0xE2 before patch 1E008405
0:100  0:000  MSR 0xE2 is locked, PM patches will be turned on
0:100  0:000  MSR 0xCE              0005053B_F3011800
0:100  0:000  corrected FLEX_RATIO = 0
0:100  0:000  MSR 0x1B0             00000000
0:100  0:000  FSBFrequency = 121 MHz, DMI FSBFrequency = 100 MHz, Corrected FSBFrequency = 100 MHz
0:100  0:000  MaxDiv/MinDiv: 24.0/5
0:100  0:000  Turbo: 29/29/29/30
0:100  0:000  Features: 0xBFEBFBFF
0:100  0:000  Threads: 4
0:100  0:000  Cores: 2
0:100  0:000  FSB: 100 MHz
0:100  0:000  CPU: 2900 MHz
0:100  0:000  TSC: 2900 MHz
0:100  0:000  PIS: 100 MHz
0:100  0:000  ExternalClock: 25 MHz
0:100  0:000  === [ GetDevices ] ========================================
0:100  0:000  PCI (00|00:00.00) : 8086 1604 class=060000
0:100  0:000  PCI (00|00:02.00) : 8086 1616 class=030000
0:100  0:000   - GFX: Model=Intel HD Graphics 5500 (Intel)
0:100  0:000  PCI (00|00:03.00) : 8086 160C class=040300
0:100  0:000  PCI (00|00:14.00) : 8086 9CB1 class=0C0330
0:100  0:000  PCI (00|00:16.00) : 8086 9CBA class=078000
0:100  0:000  PCI (00|00:16.01) : FFFF FFFF class=FFFFFF
0:100  0:000  PCI (00|00:1B.00) : 8086 9CA0 class=040300
0:100  0:000  PCI (00|00:1C.00) : 8086 9C90 class=060400
0:100  0:000  PCI (00|00:1C.02) : 8086 9C94 class=060400
0:100  0:000  PCI (00|02:00.00) : 10EC 8168 class=020000
0:100  0:000   - LAN: 0 Vendor=Realtek
0:100  0:000  PCI (00|00:1C.03) : 8086 9C96 class=060400
0:100  0:000  PCI (00|03:00.00) : 168C 0036 class=028000
0:100  0:000   - WIFI: Vendor=Atheros
0:100  0:000  PCI (00|00:1C.04) : 8086 9C98 class=060400
0:100  0:000  PCI (00|04:00.00) : 1002 6820 class=038000
0:100  0:000   - GFX: Model=AMD Radeon HD 7700 Series (ATI/AMD)
0:100  0:000  PCI (00|00:1D.00) : 8086 9CA6 class=0C0320
0:100  0:000  PCI (00|00:1F.00) : 8086 9CC3 class=060100
0:100  0:000  PCI (00|00:1F.02) : 8086 9C83 class=010601
0:100  0:000  PCI (00|00:1F.03) : 8086 9CA2 class=0C0500
0:100  0:000  === [ GetDefaultSettings ] ================================
0:100  0:000  Clover load options size = 0 bytes
0:104  0:004  EFI\CLOVER\config.plist loaded: Success
0:105  0:000  === [ GetListOfThemes ] ===================================
0:105  0:000  - [00]: black_green
0:106  0:000  === [ Found config plists ] ===============================
0:106  0:000  - config_HD5000_5100_5200.plist
0:106  0:000  - config.plist
0:106  0:000  === [ GetEarlyUserSettings ] ==============================
0:106  0:000  timeout set to 2
0:106  0:000  Custom boot CUSTOM_BOOT_DISABLED (0x0)
0:106  0:000  ForceKextsToLoad: 1 requested
0:106  0:000   - [0]: System\Library\Extensions\IONetworkingFamily.kext
0:106  0:000  KextsToPatch: 13 requested
0:106  0:000   - [00]: AppleUSBXHCIPCI (Change 15 port limit to 24 in XHCI kext 10.13) :: BinPatch :: data len: 4
0:106  0:000   - [01]: com.apple.driver.AppleIntelBDWGraphicsFramebuffer (0x16260006,0x16260004/etc, 32MB BIOS, 19MB framebuffer, 9MB cursor bytes (credit RehabMan)) :: BinPatch :: data len: 8
0:106  0:000   - [02]: com.apple.driver.AppleIntelBDWGraphicsFramebuffer (HDMI-audio, port 0105, 0x16120003 0x16120005 0x16120006 0x16260006) :: BinPatch :: data len: 12
0:106  0:000   - patch disabled at config
0:106  0:000   - [03]: com.apple.driver.AppleIntelBDWGraphicsFramebuffer (HDMI-audio, port 0204, 0x16120003 0x16120005 0x16120006 0x16260006) :: BinPatch :: data len: 12
0:106  0:000   - patch disabled at config
0:106  0:000   - [04]: AppleIntelBDWGraphicsFramebuffer (Change VRAM 1536 -> 2048 for 0x16260006) :: BinPatch :: data len: 15
0:106  0:000   - patch disabled at config
0:106  0:000   - [05]: AppleAHCIPort (NoLabel) :: BinPatch :: data len: 8
0:106  0:000   - patch disabled at config
0:106  0:000   - [06]: com.apple.driver.AppleIntelBDWGraphicsFramebuffer (Disable minStolenSize less or equal fStolenMemorySize assertion, 10.14 (credit Austere.J)) :: MatchOS: 10.14.x :: BinPatch :: data len: 8
0:106  0:000   - [07]: AppleIntelBDWGraphicsFramebuffer (NoLabel) :: BinPatch :: data len: 6
0:106  0:000   - patch disabled at config
0:106  0:000   - [08]: com.apple.driver.AppleIntelFramebufferAzul (NoLabel) :: BinPatch :: data len: 20
0:106  0:000   - patch disabled at config
0:106  0:000   - [09]: com.apple.driver.AppleIntelSKLGraphicsFramebuffer (NoLabel) :: BinPatch :: data len: 6
0:106  0:000   - patch disabled at config
0:106  0:000   - [10]: com.apple.driver.AppleIntelSKLGraphicsFramebuffer (Disable minStolenSize less or equal fStolenMemorySize assertion, 10.14 (credit Austere.J)) :: MatchOS: 10.14.x :: BinPatch :: data len: 8
0:106  0:000   - [11]: com.apple.driver.AppleIntelKBLGraphicsFramebuffer (NoLabel) :: BinPatch :: data len: 6
0:106  0:000   - patch disabled at config
0:106  0:000   - [12]: com.apple.driver.AppleIntelKBLGraphicsFramebuffer (Disable minStolenSize less or equal fStolenMemorySize assertion, 10.14 (credit Austere.J)) :: MatchOS: 10.14.x :: BinPatch :: data len: 8
0:106  0:000  KernelToPatch: 1 requested
0:106  0:000   - [00]: MSR 0xE2 _xcpm_idle instant reboot(c) Pike R. Alpha :: data len: 8
0:106  0:000  Default theme: black_green
0:106  0:000  Hiding entries with string Preboot
0:106  0:000  Hiding entries with string Recovery
0:106  0:000  === [ LoadDrivers ] =======================================
0:107  0:000  Loading ApfsDriverLoader-64.efi  status=Success
0:107  0:000   - driver needs connecting
0:107  0:000  Loading AppleImageCodec-64.efi  status=Success
0:107  0:000  Loading AppleKeyAggregator-64.efi  status=Success
0:108  0:000  Loading AppleUITheme-64.efi  status=Success
0:108  0:000  Loading AptioInputFix-64.efi  status=Success
0:108  0:000  Loading AptioMemoryFix-64.efi  status=Success
0:109  0:000  Loading DataHubDxe-64.efi  status=Success
0:109  0:000  Loading Fat-64.efi  status=Success
0:110  0:000   - driver needs connecting
0:110  0:000  Loading FirmwareVolume-64.efi  status=Success
0:110  0:000  Loading FSInject-64.efi  status=Success
0:111  0:000  Loading HFSPlus-64.efi  status=Success
0:111  0:000   - driver needs connecting
0:111  0:000  Loading NTFS.efi  status=Success
0:113  0:002   - driver needs connecting
0:113  0:000  Loading SMCHelper-64.efi  status=Success
0:113  0:000  4 drivers needs connecting ...
0:113  0:000  PlatformDriverOverrideProtocol not found. Installing ... Success
0:113  0:000  HFS+ driver loaded
0:113  0:000  APFS driver loaded
0:113  0:000  Searching for invalid DiskIo BY_DRIVER connects: not found, all ok
2:366  2:252  === [ InitScreen ] ========================================
2:366  0:000  SetMaxResolution: found best mode 3: 1920x1080
2:366  0:000   - already set
2:366  0:000  Console modes reported: 6, available modes:
2:366  0:000   - [01]: 80x25
2:366  0:000   - [03]: 80x25
2:366  0:000   - [04]: 100x31
2:366  0:000   - [05]: 128x40
2:366  0:000   - [06]: 240x56 (current mode)
2:366  0:000  SetScreenResolution: 1920x1080 - already set
2:366  0:000  reinit: self device path=PciRoot(0x0)\Pci(0x1F,0x2)\Sata(0x0,0x0,0x0)\HD(1,GPT,E3929CBB-EBFA-4C5E-939D-86B2CAF2B5DD,0x22,0x64800)
2:366  0:000  === [ GetMacAddress ] =====================================
2:366  0:000  === [ ScanSPD ] ===========================================
2:366  0:000  SMBus device : 8086 9CA2 class=0C0500 status=Success
2:366  0:000  SMBus CmdReg: 0x3
2:366  0:000  Scanning SMBus [8086:9CA2], mmio: 0xD131A004, ioport: 0x5040, hostc: 0x11
2:366  0:000  Slots to scan [8]...
2:366  0:000  SPD[0]: Type 11 @0x50
2:384  0:017  DDR speed 1600MHz
2:384  0:000  Slot: 0 Type 24 8192MB 1600MHz Vendor=Samsung PartNo=M471B1G73EB0-YK0 SerialNo=09080005010B080F
2:385  0:000  === [ GetAcpiTablesList ] =================================
2:385  0:000  Get Acpi Tables List from RSDT:
2:385  0:000   - [00]: FACP  CB-01    len=268
2:385  0:000   - [01]: UEFI  CB-01    len=66
2:385  0:000   - [02]: ASPT  CB-01    len=52
2:385  0:000   - [03]: DBGP  CB-01    len=52
2:385  0:000   - [04]: LPIT  CB-01    len=148
2:385  0:000   - [05]: MCFG  CB-01    len=60
2:385  0:000   - [06]: SSDT  CB-01    len=1878
2:385  0:000   - [07]: SSDT  CB-01    len=1337
2:385  0:000   - [08]: SSDT  CB-01    len=23224
2:385  0:000   - [09]: ASF!  CB-01    len=165
2:385  0:000   - [10]: HPET  CB-01    len=56
2:385  0:000   - [11]: WDAT  CB-01    len=548
2:385  0:000   - [12]: UEFI  CB-01    len=566
2:385  0:000   - [13]: APIC  CB-01    len=140
2:385  0:000   - [14]: SSDT  CB-01    len=2932
2:385  0:000   - [15]: SSDT  CB-01    len=14250
2:385  0:000   - [16]: BOOT  CB-01    len=40
2:385  0:000   - [17]: SSDT  CB-01    len=6864
2:385  0:000   - [18]: DMAR  CB-01    len=176
2:385  0:000   - [19]: FPDT  CB-01    len=68
2:385  0:000   - [20]: BGRT  CB-01    len=56
2:385  0:000  Calibrated TSC Frequency = 2394456255 = 2394MHz
2:385  0:000  === [ GetUserSettings ] ===================================
2:385  0:000  Add 3 properties:
2:385  0:000   - [00]: NVidia, len: 9
2:385  0:000   - [01]: NVidia, len: 9
2:385  0:000   - [02]: NVidia, len: 4
2:385  0:000  USB FixOwnership: yes
2:385  0:000  Dropping 2 tables:
2:385  0:000   - [00]: Drop table  signature="#MCF" (46434D23)
2:385  0:000           - set table: 46434D23,                0 to drop: no
2:385  0:000   - [01]: Drop table  signature="DMAR" (52414D44)
2:385  0:000           - set table: 52414D44,                0 to drop: yes
2:386  0:000   - final DSDT Fix mask=00302035
2:386  0:000  PatchesDSDT: 12 requested
2:386  0:000   - [00]: (change OSID to XSID (to avoid match against _OSI XOSI patch)) lenToFind: 4, lenToReplace: 4, Target Bridge: <null string>
2:386  0:000    patch disabled at config
2:386  0:000   - [01]: (change _OSI to XOSI) lenToFind: 4, lenToReplace: 4, Target Bridge: <null string>
2:386  0:000    patch disabled at config
2:386  0:000   - [02]: (change _DSM to XDSM) lenToFind: 4, lenToReplace: 4, Target Bridge: <null string>
2:386  0:000    patch disabled at config
2:386  0:000   - [03]: (change EC0 to EC) lenToFind: 4, lenToReplace: 4, Target Bridge: <null string>
2:386  0:000   - [04]: (change H_EC to EC) lenToFind: 4, lenToReplace: 4, Target Bridge: <null string>
2:386  0:000   - [05]: (change EHC1 to EH01) lenToFind: 4, lenToReplace: 4, Target Bridge: <null string>
2:386  0:000   - [06]: (change EHC2 to EH02) lenToFind: 4, lenToReplace: 4, Target Bridge: <null string>
2:386  0:000   - [07]: (change GFX0 to IGPU) lenToFind: 4, lenToReplace: 4, Target Bridge: <null string>
2:386  0:000   - [08]: (change PCI0.VID to IGPU #1 (Thinkpad)) lenToFind: 8, lenToReplace: 8, Target Bridge: <null string>
2:386  0:000    patch disabled at config
2:386  0:000   - [09]: (change PCI0.VID to IGPU #2 (Thinkpad)) lenToFind: 14, lenToReplace: 14, Target Bridge: <null string>
2:386  0:000    patch disabled at config
2:386  0:000   - [10]: (change B0D3 to HDAU) lenToFind: 4, lenToReplace: 4, Target Bridge: <null string>
2:386  0:000   - [11]: (change APSS to APXX) lenToFind: 4, lenToReplace: 4, Target Bridge: <null string>
2:386  0:000  EnableC7: yes
2:386  0:000  EnableC4: yes
2:386  0:000  EnableC2: yes
2:386  0:000  PluginType: 1
2:386  0:000  smartUPS: present
2:386  0:000  Using ProductName from config: MacBookPro11,1
2:386  0:000  Using latest BiosVersion from clover
2:386  0:000  BiosVersion: MBP111.88Z.0146.B00.1804111138
2:386  0:000  BiosReleaseDate: 04/11/2018
2:386  0:000  Using FirmwareFeatures from config: 0xFC0FE137
2:386  0:000  Using FirmwareFeaturesMask from config: 0xFF1FFF3F
2:386  0:000  Board-ID set from config as Mac-189A3D4F975D5FFC
2:386  0:000  BoardType: 0xA
2:386  0:000  ChassisType: 0xA
2:386  0:000  === [ Found DSDT tables ] =================================
2:386  0:000  - DSDT.aml
3:532  1:146  === [ ScanVolumes ] =======================================
3:532  0:000  Found 11 volumes with blockIO
3:532  0:000  - [00]: Volume: PciRoot(0x0)\Pci(0x1F,0x2)\Sata(0x0,0x0,0x0)
3:533  0:000  - [01]: Volume: PciRoot(0x0)\Pci(0x1D,0x0)\USB(0x0,0x0)\USB(0x1,0x0)\Unit(0x0)
3:579  0:046          USB volume
3:579  0:000          USB volume
3:579  0:000  - [02]: Volume: PciRoot(0x0)\Pci(0x1D,0x0)\USB(0x0,0x0)\USB(0x1,0x0)\Unit(0x0)\HD(1,GPT,EDA7C935-4424-48EA-A239-523E1D10FD0A,0x800,0x64000)
3:587  0:008          Result of bootcode detection: bootable Windows (win)
3:587  0:000          USB volume
3:587  0:000          USB volume
3:592  0:005  - [03]: Volume: PciRoot(0x0)\Pci(0x1D,0x0)\USB(0x0,0x0)\USB(0x1,0x0)\Unit(0x0)\HD(2,GPT,97594917-9910-4A77-A968-E1E8AFDA2301,0x649B0,0x732F5E50)
3:596  0:003          Result of bootcode detection: bootable Windows (vista,win)
3:596  0:000          USB volume
3:596  0:000          USB volume
3:596  0:000  - [04]: Volume: PciRoot(0x0)\Pci(0x1D,0x0)\USB(0x0,0x0)\USB(0x1,0x0)\Unit(0x0)\HD(3,GPT,643E643E-BE4B-4118-8A1B-DA01B2A01CEE,0x7335A800,0x139B800)
3:619  0:022          USB volume
3:619  0:000          USB volume
3:619  0:000  - [05]: Volume: PciRoot(0x0)\Pci(0x1F,0x2)\Sata(0x0,0x0,0x0)\HD(1,GPT,E3929CBB-EBFA-4C5E-939D-86B2CAF2B5DD,0x22,0x64800)
3:619  0:000          Result of bootcode detection: bootable Windows (win)
3:622  0:002          This is SelfVolume !!
3:622  0:000  - [06]: Volume: PciRoot(0x0)\Pci(0x1F,0x2)\Sata(0x0,0x0,0x0)\HD(2,GPT,C7C8CA5C-99F5-44EB-9DB8-9458D6E4DC41,0x65000,0x7395712)
3:622  0:000          Result of bootcode detection: bootable Windows (vista,win)
3:622  0:000  - [07]: Volume: PciRoot(0x0)\Pci(0x1F,0x2)\Sata(0x0,0x0,0x0)\HD(3,GPT,2523FD27-BB3C-4178-8A84-F728335E756E,0x73FA800,0x6B9A388)
3:622  0:000          Result of bootcode detection: bootable unknown (legacy)
3:622  0:000  - [08]: Volume: PciRoot(0x0)\Pci(0x1F,0x2)\Sata(0x0,0x0,0x0)\HD(3,GPT,2523FD27-BB3C-4178-8A84-F728335E756E,0x73FA800,0x6B9A388)\VenMedia(BE74FCF7-0B7C-49F3-9147-01F4042E6842,2DCCEE5A51841F48BDB404B9A0386841)
3:622  0:000          hiding this volume
3:622  0:000  - [09]: Volume: PciRoot(0x0)\Pci(0x1F,0x2)\Sata(0x0,0x0,0x0)\HD(3,GPT,2523FD27-BB3C-4178-8A84-F728335E756E,0x73FA800,0x6B9A388)\VenMedia(BE74FCF7-0B7C-49F3-9147-01F4042E6842,A19628CD3A06D24E84611C23FBFE97A5)
3:622  0:000  - [10]: Volume: PciRoot(0x0)\Pci(0x1F,0x2)\Sata(0x0,0x0,0x0)\HD(3,GPT,2523FD27-BB3C-4178-8A84-F728335E756E,0x73FA800,0x6B9A388)\VenMedia(BE74FCF7-0B7C-49F3-9147-01F4042E6842,D0D4D6789EB75F4AAC2E853C93DD8D1B)
3:623  0:000          hiding this volume
3:623  0:000  === [ InitTheme ] =========================================
3:634  0:011  Using theme 'black_green' (EFI\CLOVER\themes\black_green)
3:634  0:000  OS main and drive as badge
3:637  0:002  Loading font from ThemeDir: Success
3:638  0:001  Chosen theme black_green
3:638  0:000  after NVRAM boot-args=dart=0 nv_disable=1 darkwake=0 -alcbeta -ath9565 abm_firstpolldelay=100 rootless=0 kext-dev-mode=1 -lilubeta
3:638  0:000  === [ Dump SMC keys from NVRAM ] ==========================
3:638  0:000  found AppleSMC protocol
3:648  0:009  Registered 17 SMC keys
3:648  0:000  === [ AddCustomEntries ] ==================================
3:648  0:000  Custom entry 0 Title:"Windows" Path:"\EFI\Microsoft\Boot\bootmgfw.efi" Options:"-s -h" Type:7 Flags:0x0 matching Volume:"E3929CBB-EBFA-4C5E-939D-86B2CAF2B5DD"
3:648  0:000      Checking volume "EFI" (PciRoot(0x0)\Pci(0x1D,0x0)\USB(0x0,0x0)\USB(0x1,0x0)\Unit(0x0)\HD(1,GPT,EDA7C935-4424-48EA-A239-523E1D10FD0A,0x800,0x64000)) ... skipped
3:648  0:000      Checking volume "" (PciRoot(0x0)\Pci(0x1D,0x0)\USB(0x0,0x0)\USB(0x1,0x0)\Unit(0x0)\HD(2,GPT,97594917-9910-4A77-A968-E1E8AFDA2301,0x649B0,0x732F5E50)) ... skipped
3:648  0:000      Checking volume "Install macOS Mojave Beta" (PciRoot(0x0)\Pci(0x1D,0x0)\USB(0x0,0x0)\USB(0x1,0x0)\Unit(0x0)\HD(3,GPT,643E643E-BE4B-4118-8A1B-DA01B2A01CEE,0x7335A800,0x139B800)) ... skipped
3:648  0:000      Checking volume "EFI" (PciRoot(0x0)\Pci(0x1F,0x2)\Sata(0x0,0x0,0x0)\HD(1,GPT,E3929CBB-EBFA-4C5E-939D-86B2CAF2B5DD,0x22,0x64800)) ... match!
3:650  0:002  Custom settings: <null string>.plist will  be applied
3:650  0:000      Checking volume "" (PciRoot(0x0)\Pci(0x1F,0x2)\Sata(0x0,0x0,0x0)\HD(2,GPT,C7C8CA5C-99F5-44EB-9DB8-9458D6E4DC41,0x65000,0x7395712)) ... skipped
3:650  0:000      Checking volume "Preboot" (PciRoot(0x0)\Pci(0x1F,0x2)\Sata(0x0,0x0,0x0)\HD(3,GPT,2523FD27-BB3C-4178-8A84-F728335E756E,0x73FA800,0x6B9A388)\VenMedia(BE74FCF7-0B7C-49F3-9147-01F4042E6842,2DCCEE5A51841F48BDB404B9A0386841)) ... skipped because volume is hidden
3:650  0:000      Checking volume "GXL" (PciRoot(0x0)\Pci(0x1F,0x2)\Sata(0x0,0x0,0x0)\HD(3,GPT,2523FD27-BB3C-4178-8A84-F728335E756E,0x73FA800,0x6B9A388)\VenMedia(BE74FCF7-0B7C-49F3-9147-01F4042E6842,A19628CD3A06D24E84611C23FBFE97A5)) ... skipped
3:650  0:000      Checking volume "Recovery" (PciRoot(0x0)\Pci(0x1F,0x2)\Sata(0x0,0x0,0x0)\HD(3,GPT,2523FD27-BB3C-4178-8A84-F728335E756E,0x73FA800,0x6B9A388)\VenMedia(BE74FCF7-0B7C-49F3-9147-01F4042E6842,D0D4D6789EB75F4AAC2E853C93DD8D1B)) ... skipped because volume is hidden
3:650  0:000  === [ ScanLoader ] ========================================
3:650  0:000  - [02]: 'EFI'
3:686  0:036          AddLoaderEntry for Volume Name=EFI
3:686  0:000          skipped because entry is hidden
3:686  0:000  - [03]: ''
3:714  0:027  - [04]: 'Install macOS Mojave Beta'
3:715  0:000          AddLoaderEntry for Volume Name=Install macOS Mojave Beta
3:770  0:054  - [05]: 'EFI'
3:771  0:000          AddLoaderEntry for Volume Name=EFI
3:771  0:000       skipped because path `PciRoot(0x0)\Pci(0x1F,0x2)\Sata(0x0,0x0,0x0)\HD(1,GPT,E3929CBB-EBFA-4C5E-939D-86B2CAF2B5DD,0x22,0x64800)\EFI\microsoft\Boot\bootmgfw.efii` already exists for another entry!
3:773  0:002          AddLoaderEntry for Volume Name=EFI
3:773  0:000          skipped because entry is hidden
3:773  0:000  - [06]: ''
3:781  0:007  - [08]: 'Preboot', hidden
3:781  0:000  - [09]: 'GXL'
3:782  0:000          AddLoaderEntry for Volume Name=GXL
3:783  0:001          [!] Icon 17 (icons\vol_internal_hfs.icns) not found (path: EFI\CLOVER\themes\black_green)
3:786  0:002  - [10]: 'Recovery', hidden
3:786  0:000  === [ AddCustomTool ] =====================================
3:786  0:000  found tool \EFI\CLOVER\tools\Shell64U.efi
3:786  0:000  Checking EFI partition Volume 2 for Clover
3:786  0:000  Checking EFI partition Volume 5 for Clover
3:786  0:000   Found Clover
3:788  0:001  === [ GetEfiBootDeviceFromNvram ] =========================
3:788  0:000   - found entry 0. 'Boot Windows from EFI', Volume 'EFI', DevicePath 'PciRoot(0x0)\Pci(0x1F,0x2)\Sata(0x0,0x0,0x0)\HD(1,GPT,E3929CBB-EBFA-4C5E-939D-86B2CAF2B5DD,0x22,0x64800)\EFI\Microsoft\Boot\bootmgfw.efii'
3:788  0:000  DefaultIndex=0 and MainMenu.EntryCount=9
4:276  0:487  GUI ready
9:576  5:299  ReinitSelfLib after theme change
9:576  0:000  reinit: self device path=PciRoot(0x0)\Pci(0x1F,0x2)\Sata(0x0,0x0,0x0)\HD(1,GPT,E3929CBB-EBFA-4C5E-939D-86B2CAF2B5DD,0x22,0x64800)
9:576  0:000  === [ ScanVolumes ] =======================================
9:576  0:000  Found 11 volumes with blockIO
9:576  0:000  - [00]: Volume: PciRoot(0x0)\Pci(0x1F,0x2)\Sata(0x0,0x0,0x0)
9:576  0:000  - [01]: Volume: PciRoot(0x0)\Pci(0x1D,0x0)\USB(0x0,0x0)\USB(0x1,0x0)\Unit(0x0)
9:623  0:047          USB volume
9:623  0:000          USB volume
9:623  0:000  - [02]: Volume: PciRoot(0x0)\Pci(0x1D,0x0)\USB(0x0,0x0)\USB(0x1,0x0)\Unit(0x0)\HD(1,GPT,EDA7C935-4424-48EA-A239-523E1D10FD0A,0x800,0x64000)
9:632  0:009          Result of bootcode detection: bootable Windows (win)
9:632  0:000          USB volume
9:632  0:000          USB volume
9:632  0:000  - [03]: Volume: PciRoot(0x0)\Pci(0x1D,0x0)\USB(0x0,0x0)\USB(0x1,0x0)\Unit(0x0)\HD(2,GPT,97594917-9910-4A77-A968-E1E8AFDA2301,0x649B0,0x732F5E50)
9:633  0:000          Result of bootcode detection: bootable Windows (vista,win)
9:633  0:000          USB volume
9:633  0:000          USB volume
9:633  0:000  - [04]: Volume: PciRoot(0x0)\Pci(0x1D,0x0)\USB(0x0,0x0)\USB(0x1,0x0)\Unit(0x0)\HD(3,GPT,643E643E-BE4B-4118-8A1B-DA01B2A01CEE,0x7335A800,0x139B800)
9:634  0:000          USB volume
9:634  0:000          USB volume
9:634  0:000  - [05]: Volume: PciRoot(0x0)\Pci(0x1F,0x2)\Sata(0x0,0x0,0x0)\HD(1,GPT,E3929CBB-EBFA-4C5E-939D-86B2CAF2B5DD,0x22,0x64800)
9:634  0:000          Result of bootcode detection: bootable Windows (win)
9:634  0:000          This is SelfVolume !!
9:634  0:000  - [06]: Volume: PciRoot(0x0)\Pci(0x1F,0x2)\Sata(0x0,0x0,0x0)\HD(2,GPT,C7C8CA5C-99F5-44EB-9DB8-9458D6E4DC41,0x65000,0x7395712)
9:634  0:000          Result of bootcode detection: bootable Windows (vista,win)
9:634  0:000  - [07]: Volume: PciRoot(0x0)\Pci(0x1F,0x2)\Sata(0x0,0x0,0x0)\HD(3,GPT,2523FD27-BB3C-4178-8A84-F728335E756E,0x73FA800,0x6B9A388)
9:635  0:000          Result of bootcode detection: bootable unknown (legacy)
9:635  0:000  - [08]: Volume: PciRoot(0x0)\Pci(0x1F,0x2)\Sata(0x0,0x0,0x0)\HD(3,GPT,2523FD27-BB3C-4178-8A84-F728335E756E,0x73FA800,0x6B9A388)\VenMedia(BE74FCF7-0B7C-49F3-9147-01F4042E6842,2DCCEE5A51841F48BDB404B9A0386841)
9:635  0:000  - [09]: Volume: PciRoot(0x0)\Pci(0x1F,0x2)\Sata(0x0,0x0,0x0)\HD(3,GPT,2523FD27-BB3C-4178-8A84-F728335E756E,0x73FA800,0x6B9A388)\VenMedia(BE74FCF7-0B7C-49F3-9147-01F4042E6842,A19628CD3A06D24E84611C23FBFE97A5)
9:635  0:000  - [10]: Volume: PciRoot(0x0)\Pci(0x1F,0x2)\Sata(0x0,0x0,0x0)\HD(3,GPT,2523FD27-BB3C-4178-8A84-F728335E756E,0x73FA800,0x6B9A388)\VenMedia(BE74FCF7-0B7C-49F3-9147-01F4042E6842,D0D4D6789EB75F4AAC2E853C93DD8D1B)
9:635  0:000  Chosen theme black_green
9:635  0:000  after NVRAM boot-args=dart=0 nv_disable=1 darkwake=0 -alcbeta -ath9565 abm_firstpolldelay=100 rootless=0 kext-dev-mode=1 -lilubeta
9:635  0:000  === [ AddCustomEntries ] ==================================
9:635  0:000  Custom entry 0 Title:"Windows" Path:"\EFI\Microsoft\Boot\bootmgfw.efi" Options:"-s -h" Type:7 Flags:0x0 matching Volume:"E3929CBB-EBFA-4C5E-939D-86B2CAF2B5DD"
9:635  0:000      Checking volume "EFI" (PciRoot(0x0)\Pci(0x1D,0x0)\USB(0x0,0x0)\USB(0x1,0x0)\Unit(0x0)\HD(1,GPT,EDA7C935-4424-48EA-A239-523E1D10FD0A,0x800,0x64000)) ... skipped
9:635  0:000      Checking volume "" (PciRoot(0x0)\Pci(0x1D,0x0)\USB(0x0,0x0)\USB(0x1,0x0)\Unit(0x0)\HD(2,GPT,97594917-9910-4A77-A968-E1E8AFDA2301,0x649B0,0x732F5E50)) ... skipped
9:635  0:000      Checking volume "Install macOS Mojave Beta" (PciRoot(0x0)\Pci(0x1D,0x0)\USB(0x0,0x0)\USB(0x1,0x0)\Unit(0x0)\HD(3,GPT,643E643E-BE4B-4118-8A1B-DA01B2A01CEE,0x7335A800,0x139B800)) ... skipped
9:635  0:000      Checking volume "EFI" (PciRoot(0x0)\Pci(0x1F,0x2)\Sata(0x0,0x0,0x0)\HD(1,GPT,E3929CBB-EBFA-4C5E-939D-86B2CAF2B5DD,0x22,0x64800)) ... match!
9:637  0:001  Custom settings: <null string>.plist will  be applied
9:637  0:000      Checking volume "" (PciRoot(0x0)\Pci(0x1F,0x2)\Sata(0x0,0x0,0x0)\HD(2,GPT,C7C8CA5C-99F5-44EB-9DB8-9458D6E4DC41,0x65000,0x7395712)) ... skipped
9:637  0:000      Checking volume "Preboot" (PciRoot(0x0)\Pci(0x1F,0x2)\Sata(0x0,0x0,0x0)\HD(3,GPT,2523FD27-BB3C-4178-8A84-F728335E756E,0x73FA800,0x6B9A388)\VenMedia(BE74FCF7-0B7C-49F3-9147-01F4042E6842,2DCCEE5A51841F48BDB404B9A0386841)) ... skipped
9:637  0:000      Checking volume "GXL" (PciRoot(0x0)\Pci(0x1F,0x2)\Sata(0x0,0x0,0x0)\HD(3,GPT,2523FD27-BB3C-4178-8A84-F728335E756E,0x73FA800,0x6B9A388)\VenMedia(BE74FCF7-0B7C-49F3-9147-01F4042E6842,A19628CD3A06D24E84611C23FBFE97A5)) ... skipped
9:637  0:000      Checking volume "Recovery" (PciRoot(0x0)\Pci(0x1F,0x2)\Sata(0x0,0x0,0x0)\HD(3,GPT,2523FD27-BB3C-4178-8A84-F728335E756E,0x73FA800,0x6B9A388)\VenMedia(BE74FCF7-0B7C-49F3-9147-01F4042E6842,D0D4D6789EB75F4AAC2E853C93DD8D1B)) ... skipped
9:637  0:000  === [ ScanLoader ] ========================================
9:637  0:000  - [02]: 'EFI'
9:640  0:003          AddLoaderEntry for Volume Name=EFI
9:642  0:001  - [03]: ''
9:678  0:036  - [04]: 'Install macOS Mojave Beta'
9:678  0:000          AddLoaderEntry for Volume Name=Install macOS Mojave Beta
9:683  0:004  - [05]: 'EFI'
9:683  0:000          AddLoaderEntry for Volume Name=EFI
9:683  0:000       skipped because path `PciRoot(0x0)\Pci(0x1F,0x2)\Sata(0x0,0x0,0x0)\HD(1,GPT,E3929CBB-EBFA-4C5E-939D-86B2CAF2B5DD,0x22,0x64800)\EFI\microsoft\Boot\bootmgfw.efii` already exists for another entry!
9:685  0:001          AddLoaderEntry for Volume Name=EFI
9:685  0:000  - [06]: ''
9:693  0:007  - [08]: 'Preboot'
9:694  0:000          AddLoaderEntry for Volume Name=Preboot
9:697  0:003  - [09]: 'GXL'
9:698  0:000          AddLoaderEntry for Volume Name=GXL
9:701  0:003  - [10]: 'Recovery'
9:703  0:002  === [ AddCustomTool ] =====================================
9:704  0:000  found tool \EFI\CLOVER\tools\Shell64U.efi
9:704  0:000  Checking EFI partition Volume 2 for Clover
9:704  0:000  Checking EFI partition Volume 5 for Clover
9:704  0:000   Found Clover
9:704  0:000  === [ GetEfiBootDeviceFromNvram ] =========================
9:704  0:000   - found entry 0. 'Boot Windows from EFI', Volume 'EFI', DevicePath 'PciRoot(0x0)\Pci(0x1F,0x2)\Sata(0x0,0x0,0x0)\HD(1,GPT,E3929CBB-EBFA-4C5E-939D-86B2CAF2B5DD,0x22,0x64800)\EFI\Microsoft\Boot\bootmgfw.efii'
9:704  0:000  DefaultIndex=0 and MainMenu.EntryCount=12
24:718  15:014  applied *-platform-id=0x12345678
24:718  0:000  EDITED: 0x12345678
46:070  21:351   boot with args: dart=0 nv_disable=1 darkwake=0 -alcbeta -ath9565 abm_firstpolldelay=100 rootless=0 kext-dev-mode=1 -lilubeta
46:070  0:000  BootVariable of the entry is empty
46:070  0:000  === [ StartLoader ] =======================================
46:070  0:000  Finally: ExternalClock=25MHz BusSpeed=99770kHz CPUFreq=2394MHz PIS: hw.busfrequency=100000000Hz
46:071  0:000  Loading boot.efi  status=Success
46:164  0:092  GetOSVersion: 10.14 (18A365a)
46:164  0:000  CSR_CFG: CSR_ALLOW_UNTRUSTED_KEXTS | CSR_ALLOW_UNRESTRICTED_FS | CSR_ALLOW_TASK_FOR_PID | CSR_ALLOW_UNRESTRICTED_DTRACE | CSR_ALLOW_UNRESTRICTED_NVRAM
46:164  0:000  Filtering KextPatches:
46:164  0:000   - [00]: AppleUSBXHCIPCI (Change 15 port limit to 24 in XHCI kext 10.13) :: BinPatch :: [OS: 10.14 | MatchOS: All | MatchBuild: All] ==> disabled by user
46:164  0:000   - [01]: com.apple.driver.AppleIntelBDWGraphicsFramebuffer (0x16260006,0x16260004/etc, 32MB BIOS, 19MB framebuffer, 9MB cursor bytes (credit RehabMan)) :: BinPatch :: [OS: 10.14 | MatchOS: All | MatchBuild: All] ==> disabled by user
46:164  0:000   - [02]: com.apple.driver.AppleIntelBDWGraphicsFramebuffer (HDMI-audio, port 0105, 0x16120003 0x16120005 0x16120006 0x16260006) :: BinPatch :: [OS: 10.14 | MatchOS: All | MatchBuild: All] ==> disabled by user
46:164  0:000   - [03]: com.apple.driver.AppleIntelBDWGraphicsFramebuffer (HDMI-audio, port 0204, 0x16120003 0x16120005 0x16120006 0x16260006) :: BinPatch :: [OS: 10.14 | MatchOS: All | MatchBuild: All] ==> disabled by user
46:164  0:000   - [04]: AppleIntelBDWGraphicsFramebuffer (Change VRAM 1536 -> 2048 for 0x16260006) :: BinPatch :: [OS: 10.14 | MatchOS: All | MatchBuild: All] ==> disabled by user
46:164  0:000   - [05]: AppleAHCIPort (NoLabel) :: BinPatch :: [OS: 10.14 | MatchOS: All | MatchBuild: All] ==> disabled by user
46:164  0:000   - [06]: com.apple.driver.AppleIntelBDWGraphicsFramebuffer (Disable minStolenSize less or equal fStolenMemorySize assertion, 10.14 (credit Austere.J)) :: BinPatch :: [OS: 10.14 | MatchOS: 10.14.x | MatchBuild: All] ==> disabled by user
46:164  0:000   - [07]: AppleIntelBDWGraphicsFramebuffer (NoLabel) :: BinPatch :: [OS: 10.14 | MatchOS: All | MatchBuild: All] ==> disabled by user
46:164  0:000   - [08]: com.apple.driver.AppleIntelFramebufferAzul (NoLabel) :: BinPatch :: [OS: 10.14 | MatchOS: All | MatchBuild: All] ==> disabled by user
46:164  0:000   - [09]: com.apple.driver.AppleIntelSKLGraphicsFramebuffer (NoLabel) :: BinPatch :: [OS: 10.14 | MatchOS: All | MatchBuild: All] ==> disabled by user
46:164  0:000   - [10]: com.apple.driver.AppleIntelSKLGraphicsFramebuffer (Disable minStolenSize less or equal fStolenMemorySize assertion, 10.14 (credit Austere.J)) :: BinPatch :: [OS: 10.14 | MatchOS: 10.14.x | MatchBuild: All] ==> disabled by user
46:164  0:000   - [11]: com.apple.driver.AppleIntelKBLGraphicsFramebuffer (NoLabel) :: BinPatch :: [OS: 10.14 | MatchOS: All | MatchBuild: All] ==> disabled by user
46:164  0:000   - [12]: com.apple.driver.AppleIntelKBLGraphicsFramebuffer (Disable minStolenSize less or equal fStolenMemorySize assertion, 10.14 (credit Austere.J)) :: BinPatch :: [OS: 10.14 | MatchOS: 10.14.x | MatchBuild: All] ==> disabled by user
46:164  0:000  Filtering KernelPatches:
46:164  0:000   - [00]: MSR 0xE2 _xcpm_idle instant reboot(c) Pike R. Alpha :: [OS: 10.14 | MatchOS: All | MatchBuild: no] ==> allowed by OS
46:164  0:000  Will not patch boot.efi
46:164  0:000  === [ PatchSmbios ] =======================================
46:164  0:000  insert table 9 for dev 0:0
46:164  0:000  insert table 9 for dev 0:0
46:164  0:000  insert table 9 for dev 0:0
46:165  0:000  Trusting SMBIOS...
46:165  0:000  Channels: 1
46:165  0:000  Interleave: 0 1 2 3 4 5 6 7 8 9 10 11 12 13 14 15 16 17 18 19 20 21 22 23
46:165  0:000   partNum=M471B1G73EB0-YK0  
46:165  0:000  SMBIOS Type 17 Index = 0 => 0 0:
46:165  0:000  BANK 0 DIMM0 1600MHz 8192MB
46:165  0:000  SMBIOS Type 17 Index = 1 => 1 1:
46:165  0:000  BANK 0 DIMM1 EMPTY
46:165  0:000  mTotalSystemMemory = 8192
46:165  0:000  NumberOfMemoryDevices = 2
46:165  0:000  Type20[0]->End = 0x7FFFFF, Type17[0] = 0x2000
46:165  0:000  Table 131 is present, CPUType=31
46:165  0:000  Change to: 706
46:165  0:000  === [ PatchACPI ] =========================================
46:165  0:000  Xsdt reallocation done
46:165  0:000  old FADT length=10C
46:165  0:000   SignatureFixup: 0x5A349DB9 -> 0x0
46:166  0:000  DSDT found in Clover volume OEM folder: EFI\CLOVER\ACPI\patched\DSDT.aml
46:168  0:001  Apply DsdtFixMask=0x00302035
46:168  0:000     drop _DSM mask=0xFFFF
46:168  0:000  === [ FixBiosDsdt ] =======================================
46:168  0:000  VideoCard devID=0x16168086
46:168  0:000  DisplayADR1[0] = 0x20000, DisplayADR2[0] = 0xFFFE
46:168  0:000  Audio HDA (addr:0x30000) setting specified layout-id=11 (0xB)
46:168  0:000  USBADR[0] = 0x140000 and PCIe = 0xFFFE
46:168  0:000  Audio HDA (addr:0x1B0000) setting specified layout-id=11 (0xB)
46:168  0:000  Found Airport Atheros at 0x1C0003, 0x0, DeviceID=0x0036
46:168  0:000  USBADR[1] = 0x1D0000 and PCIe = 0xFFFE
46:168  0:000  Patching DSDT:
46:168  0:000   - [change OSID to XSID (to avoid match against _OSI XOSI patch)]: disabled
46:168  0:000   - [change _OSI to XOSI]: disabled
46:168  0:000   - [change _DSM to XDSM]: disabled
46:168  0:000   - [change EC0 to EC]: pattern 4543305F, patched at: [ (3713) (46C) (3AB) (70E1) (1B) (17) (15) (9E) (17) (15) (22) (17) (3C) (15) (397) (27) (2B) (121) (80EE) (F) (97F) (73) (F) (DC) (10) (F) (10) (19) (1C) (B) (167) (15) (D) (11) (B) (B) (1C) (19) (17) (28) (31) (BD) (2A) (1C) (A) (15) (1E5) ]
46:168  0:000   - [change H_EC to EC]: pattern 485F4543, bin not found / already patched!
46:168  0:000   - [change EHC1 to EH01]: pattern 45484331, patched at: [ (26BD) (1004) (77) (A797) (5B) (5B) (7E) (5B) (5B) (5B) (5B) ]
46:168  0:000   - [change EHC2 to EH02]: pattern 45484332, patched at: [ (26D0) (1461) (77) (A642) (5B) (5B) (5B) (5B) (5B) ]
46:169  0:000   - [change GFX0 to IGPU]: pattern 47465830, patched at: [ (1AB) (12) (12) (12) (12) (12) (12) (1E3F) (938F) (3F) (1B) (29) (19) (F10) (9AA) (14) (54) (3D28) (AEA) (30) (16B) (785) (2824) (31) (748) ]
46:169  0:000   - [change PCI0.VID to IGPU #1 (Thinkpad)]: disabled
46:169  0:000   - [change PCI0.VID to IGPU #2 (Thinkpad)]: disabled
46:169  0:000   - [change B0D3 to HDAU]: pattern 42304433, patched at: [ (16D) (12) (1ED9) (9322) (1D) (17) (F) ]
46:169  0:000   - [change APSS to APXX]: pattern 41505353, bin not found / already patched!
46:169  0:000    0 replacements
46:169  0:000  first CPU found at C168 offset C16B
46:169  0:000  score candidate at C164
46:169  0:000  score inserted in acpi_cpu_score _PR_
46:169  0:000  Found ACPI CPU: CPU0 | CPU1 | CPU2 | CPU3 | CPU4 | CPU5 | CPU6 | CPU7 , within the score: _PR_
46:170  0:000  Start HPET Fix
46:170  0:000  Start LPCB Fix
46:170  0:000  found LPCB device NAME(_ADR,0x001F0000) at 274F And Name is LPCB
46:170  0:000  NewName LPCB already present, renaming impossible
46:170  0:000  _DSM in LPC already exists, dropped
46:171  0:000  Start Display0 Fix
46:171  0:000   builtin display
46:171  0:000  Skipping Method(_DSM) for 8086 card
46:171  0:000  now inserting Video device
46:171  0:000  ... into existing bridge
46:171  0:000  patch Display #0 of Vendor=0x8086
46:171  0:000  Start NetWork Fix
46:171  0:000  Created  bridge device with ADR=0x1C0002
46:171  0:000  NetworkADR1=1C0002 NetworkADR2=0
46:172  0:000  network DSM created, size=8A
46:172  0:000  Start _WAK Return Fix
46:172  0:000  _WAK Method find return data, don't need to patch.
46:172  0:000  return len=1589D
46:172  0:000  Start SHUTDOWN Fix len=1589D
46:172  0:000  PreCleanup XSDT: count=21, length=204
46:172  0:000  PreCleanup XSDT, corrected XSDT: count=21, length=204
46:172  0:000  === [ ACPIPatchedAML ] ====================================
46:172  0:000  AutoMerge pass 1
46:172  0:000  Unsorted
46:172  0:000  Inserting SSDT1.aml from EFI\CLOVER\ACPI\patched: ignore on pass 1
46:172  0:000  Inserting SSDT-CPU.aml from EFI\CLOVER\ACPI\patched: ignore on pass 1
46:172  0:000  Inserting SSDT-Disable-DGPU.aml from EFI\CLOVER\ACPI\patched: ignore on pass 1
46:172  0:000  === [ ACPIDropTables ] ====================================
46:172  0:000  Drop tables from XSDT, SIGN=DMAR TableID=CB-01    Length=176
46:172  0:000   Table[18]: DMAR  CB-01     176 dropped
46:172  0:000  0. [change OSID to XSID (to avoid match against _OSI XOSI patch)]: disabled
46:172  0:000  1. [change _OSI to XOSI]: disabled
46:172  0:000  2. [change _DSM to XDSM]: disabled
46:172  0:000  3. [change EC0 to EC]: pattern 4543305F, patched at: [ (486) (15F) ]
46:172  0:000  4. [change H_EC to EC]: pattern 485F4543, bin not found / already patched!
46:172  0:000  5. [change EHC1 to EH01]: pattern 45484331, bin not found / already patched!
46:172  0:000  6. [change EHC2 to EH02]: pattern 45484332, bin not found / already patched!
46:172  0:000  7. [change GFX0 to IGPU]: pattern 47465830, bin not found / already patched!
46:172  0:000  8. [change PCI0.VID to IGPU #1 (Thinkpad)]: disabled
46:172  0:000  9. [change PCI0.VID to IGPU #2 (Thinkpad)]: disabled
46:172  0:000  10. [change B0D3 to HDAU]: pattern 42304433, bin not found / already patched!
46:172  0:000  11. [change APSS to APXX]: pattern 41505353, bin not found / already patched!
46:172  0:000    0 replacements
46:172  0:000  0. [change OSID to XSID (to avoid match against _OSI XOSI patch)]: disabled
46:172  0:000  1. [change _OSI to XOSI]: disabled
46:172  0:000  2. [change _DSM to XDSM]: disabled
46:172  0:000  3. [change EC0 to EC]: pattern 4543305F, bin not found / already patched!
46:172  0:000  4. [change H_EC to EC]: pattern 485F4543, bin not found / already patched!
46:172  0:000  5. [change EHC1 to EH01]: pattern 45484331, bin not found / already patched!
46:172  0:000  6. [change EHC2 to EH02]: pattern 45484332, bin not found / already patched!
46:172  0:000  7. [change GFX0 to IGPU]: pattern 47465830, bin not found / already patched!
46:172  0:000  8. [change PCI0.VID to IGPU #1 (Thinkpad)]: disabled
46:172  0:000  9. [change PCI0.VID to IGPU #2 (Thinkpad)]: disabled
46:172  0:000  10. [change B0D3 to HDAU]: pattern 42304433, bin not found / already patched!
46:172  0:000  11. [change APSS to APXX]: pattern 41505353, bin not found / already patched!
46:172  0:000    0 replacements
46:172  0:000  0. [change OSID to XSID (to avoid match against _OSI XOSI patch)]: disabled
46:172  0:000  1. [change _OSI to XOSI]: disabled
46:172  0:000  2. [change _DSM to XDSM]: disabled
46:172  0:000  3. [change EC0 to EC]: pattern 4543305F, patched at: [ (2952) (46) (1E) ]
46:172  0:000  4. [change H_EC to EC]: pattern 485F4543, bin not found / already patched!
46:172  0:000  5. [change EHC1 to EH01]: pattern 45484331, bin not found / already patched!
46:172  0:000  6. [change EHC2 to EH02]: pattern 45484332, bin not found / already patched!
46:172  0:000  7. [change GFX0 to IGPU]: pattern 47465830, patched at: [ (100E) (1921) (2E) (14) (BBE) (1D) ]
46:172  0:000  8. [change PCI0.VID to IGPU #1 (Thinkpad)]: disabled
46:172  0:000  9. [change PCI0.VID to IGPU #2 (Thinkpad)]: disabled
46:172  0:000  10. [change B0D3 to HDAU]: pattern 42304433, patched at: [ (8F4) (2AB3) (10) (F) (F) (F) (F) (73) ]
46:172  0:000  11. [change APSS to APXX]: pattern 41505353, bin not found / already patched!
46:172  0:000    0 replacements
46:172  0:000  Found OperationRegion(SANV, SystemMemory, 9CF50E18, ...)
46:172  0:000  Found OperationRegion(CCDC, SystemMemory, 80000000, ...)
46:172  0:000  0. [change OSID to XSID (to avoid match against _OSI XOSI patch)]: disabled
46:172  0:000  1. [change _OSI to XOSI]: disabled
46:172  0:000  2. [change _DSM to XDSM]: disabled
46:172  0:000  3. [change EC0 to EC]: pattern 4543305F, bin not found / already patched!
46:173  0:000  4. [change H_EC to EC]: pattern 485F4543, bin not found / already patched!
46:173  0:000  5. [change EHC1 to EH01]: pattern 45484331, bin not found / already patched!
46:173  0:000  6. [change EHC2 to EH02]: pattern 45484332, bin not found / already patched!
46:173  0:000  7. [change GFX0 to IGPU]: pattern 47465830, bin not found / already patched!
46:173  0:000  8. [change PCI0.VID to IGPU #1 (Thinkpad)]: disabled
46:173  0:000  9. [change PCI0.VID to IGPU #2 (Thinkpad)]: disabled
46:173  0:000  10. [change B0D3 to HDAU]: pattern 42304433, bin not found / already patched!
46:173  0:000  11. [change APSS to APXX]: pattern 41505353, bin not found / already patched!
46:173  0:000    0 replacements
46:173  0:000  Found OperationRegion(PNVS, SystemMemory, 9CF56F18, ...)
46:173  0:000  0. [change OSID to XSID (to avoid match against _OSI XOSI patch)]: disabled
46:173  0:000  1. [change _OSI to XOSI]: disabled
46:173  0:000  2. [change _DSM to XDSM]: disabled
46:173  0:000  3. [change EC0 to EC]: pattern 4543305F, bin not found / already patched!
46:173  0:000  4. [change H_EC to EC]: pattern 485F4543, patched at: [ (10F0) (17) (14) (25) (14) (25) (14) (25) (14) (27) (17) (14) (25) (14) (25) (14) (25) (14) (25) (14) (25) (14) (15F) (17) (14) (25) (14) (25) (14) (25) (14) (25) (14) (25) (14) (25) (14) (25) (14) (25) (14) (25) (14) (25) (14) (147) (17) (14) (25) (14) (25) (14) (25) (14) (27) (17) (14) (25) (14) (25) (14) (25) (14) (25) (14) (25) (14) (25) (14) (25) (14) (25) (14) (25) (14) (25) (14) (DB) (15) (14) (1B) (14) (1D) (14) (1E) (14) (1C) (14) (1E) (14) (1E) (14) (1C) (14) (1C) (14) (1C) (14) (1C) (14) (1C) (14) (1C) (14) (1C) (14) (1C) (14) (1C) (14) (1C) (14) (1D) (14) (16) (14) (35) (14) (16) (14) (4A) (66) (14) (1B) (14) (1B) (14) (1C) (14) (1D) (14) (20) (14) (20) (14) (20) (14) (20) (14) (20) (14) (66) (14) (1B) (14) (1B) (14) (1D) (14) (20) (14) (20) (14) (20) (14) (20) (14) (20) (14) (52) (14) (1C) (14) (1F) (14) (20) (14) (20) (14) (3E) (14) (1B) (14) (1B) (14) (A8) (15) (14) (1B) (14) (1B) (14) (1C) (14) (1C) (14) (1C) (14) (1C) (14) (1C) (14) (1C) (14) (1C) (14) (1C) (14) (1C) (14) (1C) (14) (1C) (14) (1C) (14) (1C) (14) (1C) (14) (1C) (14) (1C) (14) (1C) (14) (1C) (14) (1C) (14) (1C) (14) (1C) (14) (1C) (14) (1C) (14) (3A) (14) (19) (13) (19) (13) (1A) (13) (1A) (13) (1A) (13) (1A) (13) (1A) (13) (1A) (13) (1A) (13) (1A) (13) (1A) (13) (1A) (13) (1A) (13) (1A) (13) (1A) (13) (1A) (13) (1A) (13) (1A) (13) (1A) (13) (1A) (13) (1A) (13) (1A) (13) (1A) (13) (1A) (13) (1A) (13) (1A) (13) (21) (14) (21) (14) (23) (15) (14) (25) (15) (14) (19) (14) (1D) (14) (1D) (14) ]
46:173  0:000  5. [change EHC1 to EH01]: pattern 45484331, bin not found / already patched!
46:173  0:000  6. [change EHC2 to EH02]: pattern 45484332, bin not found / already patched!
46:173  0:000  7. [change GFX0 to IGPU]: pattern 47465830, bin not found / already patched!
46:173  0:000  8. [change PCI0.VID to IGPU #1 (Thinkpad)]: disabled
46:173  0:000  9. [change PCI0.VID to IGPU #2 (Thinkpad)]: disabled
46:173  0:000  10. [change B0D3 to HDAU]: pattern 42304433, bin not found / already patched!
46:173  0:000  11. [change APSS to APXX]: pattern 41505353, bin not found / already patched!
46:173  0:000    0 replacements
46:173  0:000  0. [change OSID to XSID (to avoid match against _OSI XOSI patch)]: disabled
46:173  0:000  1. [change _OSI to XOSI]: disabled
46:173  0:000  2. [change _DSM to XDSM]: disabled
46:173  0:000  3. [change EC0 to EC]: pattern 4543305F, bin not found / already patched!
46:173  0:000  4. [change H_EC to EC]: pattern 485F4543, patched at: [ (14B6) ]
46:173  0:000  5. [change EHC1 to EH01]: pattern 45484331, bin not found / already patched!
46:173  0:000  6. [change EHC2 to EH02]: pattern 45484332, bin not found / already patched!
46:173  0:000  7. [change GFX0 to IGPU]: pattern 47465830, patched at: [ (7FC) (89D) ]
46:173  0:000  8. [change PCI0.VID to IGPU #1 (Thinkpad)]: disabled
46:173  0:000  9. [change PCI0.VID to IGPU #2 (Thinkpad)]: disabled
46:173  0:000  10. [change B0D3 to HDAU]: pattern 42304433, bin not found / already patched!
46:173  0:000  11. [change APSS to APXX]: pattern 41505353, bin not found / already patched!
46:173  0:000    0 replacements
46:173  0:000  Found OperationRegion(VBOR, SystemMemory, 9CEE9018, ...)
46:173  0:000  Found OperationRegion(SGOP, SystemMemory, 9CD42F98, ...)
46:173  0:000  Found OperationRegion(AOPR, SystemMemory, 9CF54F18, ...)
46:173  0:000  === [ ACPIPatchedAML ] ====================================
46:173  0:000  AutoMerge pass 2
46:173  0:000  Unsorted
46:173  0:000  Inserting SSDT1.aml from EFI\CLOVER\ACPI\patched: size=23753 ... Success
46:173  0:000  Inserting SSDT-CPU.aml from EFI\CLOVER\ACPI\patched: size=1825 ... Success
46:174  0:000  Inserting SSDT-Disable-DGPU.aml from EFI\CLOVER\ACPI\patched: size=1257 ... Success
46:174  0:000  CPUBase=0 and ApicCPUBase=1 ApicCPUNum=8
46:174  0:000  Maximum control=0x18
46:174  0:000  Turbo control=0x1E
46:174  0:000  P-States: min 0x5, max 0x1E
46:174  0:000  SSDT with CPU P-States and plugin-type generated successfully
46:174  0:000  SSDT with CPU C-States generated successfully
46:174  0:000  Cleanup XSDT: count=26, length=244
46:174  0:000  corrected XSDT count=25, length=236
46:174  0:000  === [ RestSetup macOS ] ===================================
46:174  0:000  EdidDiscovered size=128
46:174  0:000  --- Discovered EDID Table size:128
46:174  0:000  000  |  00  FF  FF  FF  FF  FF  FF  00  09  E5
46:174  0:000  010  |  F1  06  00  00  00  00  01  1A  01  04
46:174  0:000  020  |  95  22  13  78  0A  00  10  A7  57  51
46:174  0:000  030  |  A1  27  10  50  54  00  00  00  01  01
46:174  0:000  040  |  01  01  01  01  01  01  01  01  01  01
46:174  0:000  050  |  01  01  01  01  9C  3B  80  36  71  38
46:174  0:000  060  |  3C  40  30  20  36  00  58  C2  10  00
46:174  0:000  070  |  00  1A  FD  2D  80  0E  71  38  28  40
46:174  0:000  080  |  30  20  36  00  58  C2  10  00  00  1A
46:174  0:000  090  |  00  00  00  FE  00  4D  48  39  38  4E
46:174  0:000  100  |  80  4E  56  31  35  4E  34  33  00  00
46:174  0:000  110  |  00  00  00  00  41  22  9E  00  10  00
46:174  0:000  120  |  00  0A  01  0A  20  20  00  C4
46:174  0:000  Intel GFX injection not set
46:174  0:000   setting specified layout-id=11 (0xB)
46:174  0:000   setting specified layout-id=11 (0xB)
46:174  0:000  ATI injection not set
46:174  0:000  stringlength = 2000
46:174  0:000  CurrentMode: Width=1920 Height=1080
46:174  0:000  Beginning FSInjection
FSInjectionInstall ...
- Our FSI_SIMPLE_FILE_SYSTEM_PROTOCOL installed on handle: 8C95D598
FSInjectionInstall ...
- Our FSI_SIMPLE_FILE_SYSTEM_PROTOCOL installed on handle: 8C95D598
46:184  0:009  Use origin smbios table type 1 guid.
46:184  0:000    Force kext: System\Library\Extensions\IONetworkingFamily.kext
46:184  0:000  Failed to load extra kext (Info.plist not found): System\Library\Extensions\IONetworkingFamily.kext
46:184  0:000  Preparing kexts injection for arch=x86_64 from EFI\CLOVER\kexts\Other
46:184  0:000  Extra kext: EFI\CLOVER\kexts\Other\VoodooPS2Controller.kext (v.1.8.34)
46:198  0:013    |-- PlugIn kext: EFI\CLOVER\kexts\Other\VoodooPS2Controller.kext\Contents\PlugIns\VoodooPS2Trackpad.kext (v.1.8.34)
46:215  0:017    |-- PlugIn kext: EFI\CLOVER\kexts\Other\VoodooPS2Controller.kext\Contents\PlugIns\VoodooPS2Mouse.kext (v.1.8.34)
46:226  0:011    |-- PlugIn kext: EFI\CLOVER\kexts\Other\VoodooPS2Controller.kext\Contents\PlugIns\VoodooPS2Keyboard.kext (v.1.8.34)
46:247  0:021  Extra kext: EFI\CLOVER\kexts\Other\USBInjectAll.kext (v.0.6.5)
46:975  0:727  Extra kext: EFI\CLOVER\kexts\Other\Shiki.kext (v.2.2.6)
46:987  0:012  Extra kext: EFI\CLOVER\kexts\Other\SATA-100-series-unsupported.kext (v.0.5.1)
46:994  0:006  Extra kext: EFI\CLOVER\kexts\Other\RealtekRTL8111.kext (v.2.2.1)
47:010  0:016  Extra kext: EFI\CLOVER\kexts\Other\Lilu.kext (v.1.2.6)
47:026  0:015  Extra kext: EFI\CLOVER\kexts\Other\GenericUSBXHCI.kext (v.1.2.11)
47:041  0:014  Extra kext: EFI\CLOVER\kexts\Other\FakeSMC.kext (v.1759)
47:068  0:027    |-- PlugIn kext: EFI\CLOVER\kexts\Other\FakeSMC.kext\Contents\PlugIns\LPCSensors.kext (v.1426)
47:414  0:345    |-- PlugIn kext: EFI\CLOVER\kexts\Other\FakeSMC.kext\Contents\PlugIns\GPUSensors.kext (v.1426)
47:434  0:019    |-- PlugIn kext: EFI\CLOVER\kexts\Other\FakeSMC.kext\Contents\PlugIns\CPUSensors.kext (v.1426)
47:447  0:013    |-- PlugIn kext: EFI\CLOVER\kexts\Other\FakeSMC.kext\Contents\PlugIns\ACPISensors.kext (v.1426)
47:471  0:024  Extra kext: EFI\CLOVER\kexts\Other\CodecCommander.kext (v.2.6.3)
47:520  0:048  Extra kext: EFI\CLOVER\kexts\Other\ATH9KFixup.kext (v.1.2.0)
47:532  0:012  Failed to load extra kext (executable not found): EFI\CLOVER\kexts\Other\ATH9KFixup.kext
47:532  0:000  Extra kext: EFI\CLOVER\kexts\Other\WhateverGreen.kext (v.1.2.1)
47:551  0:018  Extra kext: EFI\CLOVER\kexts\Other\AppleALC.kext (v.1.3.1)
48:316  0:765  Extra kext: EFI\CLOVER\kexts\Other\AHCI_Intel_Generic_SATA.kext (v.0.5)
48:337  0:020  Extra kext: EFI\CLOVER\kexts\Other\ACPIBatteryManager.kext (v.1.81.4)
48:364  0:026  SetScreenResolution: 1920x1080 - already set
48:364  0:000  Custom boot is disabled
48:364  0:000  Closing log
